<?xml version="1.0" encoding="UTF-8"?>
<testng-results ignored="0" total="1" passed="1" failed="0" skipped="0">
  <reporter-output>
  </reporter-output>
  <suite started-at="2023-11-30T14:18:21 IST" name="Default suite" finished-at="2023-11-30T14:18:25 IST" duration-ms="3509">
    <groups>
    </groups>
    <test started-at="2023-11-30T14:18:21 IST" name="Default test" finished-at="2023-11-30T14:18:25 IST" duration-ms="3509">
      <class name="commonPkg.RequestSpecBuilderCalss">
        <test-method is-config="true" signature="createUser()[pri:0, instance:commonPkg.RequestSpecBuilderCalss@51e69659]" started-at="2023-11-30T14:18:22 IST" name="createUser" finished-at="2023-11-30T14:18:22 IST" duration-ms="7" status="PASS">
          <reporter-output>
          </reporter-output>
        </test-method> <!-- createUser -->
        <test-method signature="getUser()[pri:0, instance:commonPkg.RequestSpecBuilderCalss@51e69659]" started-at="2023-11-30T14:18:22 IST" name="getUser" finished-at="2023-11-30T14:18:25 IST" duration-ms="3475" status="PASS">
          <reporter-output>
          </reporter-output>
        </test-method> <!-- getUser -->
      </class> <!-- commonPkg.RequestSpecBuilderCalss -->
    </test> <!-- Default test -->
  </suite> <!-- Default suite -->
</testng-results>
